\BOOKMARK [0][-]{chapter.1}{Introduction}{}% 1
\BOOKMARK [0][-]{chapter.2}{Background}{}% 2
\BOOKMARK [1][-]{section.2.1}{Data Anonymization}{chapter.2}% 3
\BOOKMARK [1][-]{section.2.2}{Machine Learning}{chapter.2}% 4
\BOOKMARK [1][-]{section.2.3}{Neural Networks}{chapter.2}% 5
\BOOKMARK [2][-]{subsection.2.3.1}{Fully Connected Neural Networks}{section.2.3}% 6
\BOOKMARK [1][-]{section.2.4}{Homomorphic Encryption}{chapter.2}% 7
\BOOKMARK [2][-]{subsection.2.4.1}{PALISADE}{section.2.4}% 8
\BOOKMARK [2][-]{subsection.2.4.2}{HELib}{section.2.4}% 9
\BOOKMARK [2][-]{subsection.2.4.3}{Microsoft SEAL}{section.2.4}% 10
\BOOKMARK [1][-]{section.2.5}{Cross Platform Mobile Development}{chapter.2}% 11
\BOOKMARK [2][-]{subsection.2.5.1}{React Native}{section.2.5}% 12
\BOOKMARK [0][-]{chapter.3}{Literature Review}{}% 13
\BOOKMARK [0][-]{chapter.4}{Methodology}{}% 14
\BOOKMARK [1][-]{section.4.1}{Privacy Preserving Machine Learning}{chapter.4}% 15
\BOOKMARK [2][-]{subsection.4.1.1}{Privacy Architecture}{section.4.1}% 16
\BOOKMARK [2][-]{subsection.4.1.2}{System Design}{section.4.1}% 17
\BOOKMARK [2][-]{subsection.4.1.3}{Homomorphic Scheme}{section.4.1}% 18
\BOOKMARK [1][-]{section.4.2}{Data Anonymization and Incremental Privacy}{chapter.4}% 19
\BOOKMARK [2][-]{subsection.4.2.1}{Data Anonymization}{section.4.2}% 20
\BOOKMARK [2][-]{subsection.4.2.2}{Dataset Generation}{section.4.2}% 21
\BOOKMARK [0][-]{chapter.5}{Results}{}% 22
\BOOKMARK [1][-]{section.5.1}{Experiment setting and Model Architecture}{chapter.5}% 23
\BOOKMARK [2][-]{subsection.5.1.1}{Application Experiment Setting}{section.5.1}% 24
\BOOKMARK [2][-]{subsection.5.1.2}{ML Model Architecture}{section.5.1}% 25
\BOOKMARK [1][-]{section.5.2}{Application Experiment Results}{chapter.5}% 26
\BOOKMARK [2][-]{subsection.5.2.1}{Application Users}{section.5.2}% 27
\BOOKMARK [2][-]{subsection.5.2.2}{Application Backend Performance}{section.5.2}% 28
\BOOKMARK [1][-]{section.5.3}{ML Models Results}{chapter.5}% 29
\BOOKMARK [2][-]{subsection.5.3.1}{Friendship Prediction Model}{section.5.3}% 30
\BOOKMARK [2][-]{subsection.5.3.2}{GUC Location Prediction Model}{section.5.3}% 31
\BOOKMARK [0][-]{chapter.6}{Conclusion and Future Work}{}% 32
\BOOKMARK [0][-]{section*.23}{Appendix}{}% 33
\BOOKMARK [0][-]{appendix.A}{Matlab Code}{}% 34
