This is pdfTeX, Version 3.14159265-2.6-1.40.20 (MiKTeX 2.9.7000 64-bit) (preloaded format=pdflatex 2019.3.29)  22 MAY 2019 10:39
entering extended mode
**c:/Personal/Bachelor/FinalBach/Thesis/MET/bachelor.tex
(c:/Personal/Bachelor/FinalBach/Thesis/MET/bachelor.tex
LaTeX2e <2018-12-01>
("C:\Users\smsb3\AppData\Local\Programs\MiKTeX 2.9\tex/latex/base\book.cls"
Document Class: book 2018/09/03 v1.4i Standard LaTeX document class
("C:\Users\smsb3\AppData\Local\Programs\MiKTeX 2.9\tex/latex/base\bk12.clo"
File: bk12.clo 2018/09/03 v1.4i Standard LaTeX file (size option)
)
\c@part=\count80
\c@chapter=\count81
\c@section=\count82
\c@subsection=\count83
\c@subsubsection=\count84
\c@paragraph=\count85
\c@subparagraph=\count86
\c@figure=\count87
\c@table=\count88
\abovecaptionskip=\skip41
\belowcaptionskip=\skip42
\bibindent=\dimen102
) ("C:\Users\smsb3\AppData\Local\Programs\MiKTeX 2.9\tex/latex/preprint\fullpage.sty"
Package: fullpage 1999/02/23 1.1 (PWD)
\FP@margin=\skip43
) ("C:\Users\smsb3\AppData\Local\Programs\MiKTeX 2.9\tex/latex/setspace\setspace.sty"
Package: setspace 2011/12/19 v6.7a set line spacing
) ("C:\Users\smsb3\AppData\Local\Programs\MiKTeX 2.9\tex/latex/graphics\graphicx.sty"
Package: graphicx 2017/06/01 v1.1a Enhanced LaTeX Graphics (DPC,SPQR)
 ("C:\Users\smsb3\AppData\Local\Programs\MiKTeX 2.9\tex/latex/graphics\keyval.sty"
Package: keyval 2014/10/28 v1.15 key=value parser (DPC)
\KV@toks@=\toks14
) ("C:\Users\smsb3\AppData\Local\Programs\MiKTeX 2.9\tex/latex/graphics\graphics.sty"
Package: graphics 2017/06/25 v1.2c Standard LaTeX Graphics (DPC,SPQR)
 ("C:\Users\smsb3\AppData\Local\Programs\MiKTeX 2.9\tex/latex/graphics\trig.sty"
Package: trig 2016/01/03 v1.10 sin cos tan (DPC)
) ("C:\Users\smsb3\AppData\Local\Programs\MiKTeX 2.9\tex/latex/graphics-cfg\graphics.cfg"
File: graphics.cfg 2016/06/04 v1.11 sample graphics configuration
)
Package graphics Info: Driver file: pdftex.def on input line 99.
 ("C:\Users\smsb3\AppData\Local\Programs\MiKTeX 2.9\tex/latex/graphics-def\pdftex.def"
File: pdftex.def 2018/01/08 v1.0l Graphics/color driver for pdftex
))
\Gin@req@height=\dimen103
\Gin@req@width=\dimen104
) ("C:\Users\smsb3\AppData\Local\Programs\MiKTeX 2.9\tex/latex/float\float.sty"
Package: float 2001/11/08 v1.3d Float enhancements (AL)
\c@float@type=\count89
\float@exts=\toks15
\float@box=\box27
\@float@everytoks=\toks16
\@floatcapt=\box28
) ("C:\Users\smsb3\AppData\Local\Programs\MiKTeX 2.9\tex/latex/subfig\subfig.sty"
Package: subfig 2005/06/28 ver: 1.3 subfig package
 ("C:\Users\smsb3\AppData\Local\Programs\MiKTeX 2.9\tex/latex/caption\caption.sty"
Package: caption 2018/10/06 v3.3-154 Customizing captions (AR)
 ("C:\Users\smsb3\AppData\Local\Programs\MiKTeX 2.9\tex/latex/caption\caption3.sty"
Package: caption3 2018/09/12 v1.8c caption3 kernel (AR)
Package caption3 Info: TeX engine: e-TeX on input line 64.
\captionmargin=\dimen105
\captionmargin@=\dimen106
\captionwidth=\dimen107
\caption@tempdima=\dimen108
\caption@indent=\dimen109
\caption@parindent=\dimen110
\caption@hangindent=\dimen111
)
\c@caption@flags=\count90
\c@ContinuedFloat=\count91
Package caption Info: float package is loaded.
)
\c@KVtest=\count92
\sf@farskip=\skip44
\sf@captopadj=\dimen112
\sf@capskip=\skip45
\sf@nearskip=\skip46
\c@subfigure=\count93
\c@subfigure@save=\count94
\c@lofdepth=\count95
\c@subtable=\count96
\c@subtable@save=\count97
\c@lotdepth=\count98
\sf@top=\skip47
\sf@bottom=\skip48
) ("C:\Users\smsb3\AppData\Local\Programs\MiKTeX 2.9\tex/latex/tools\array.sty"
Package: array 2018/12/30 v2.4k Tabular extension package (FMi)
\col@sep=\dimen113
\ar@mcellbox=\box29
\extrarowheight=\dimen114
\NC@list=\toks17
\extratabsurround=\skip49
\backup@length=\skip50
\ar@cellbox=\box30
) ("C:\Users\smsb3\AppData\Local\Programs\MiKTeX 2.9\tex/latex/multirow\multirow.sty"
Package: multirow 2019/01/01 v2.4 Span multiple rows of a table
\multirow@colwidth=\skip51
\multirow@cntb=\count99
\multirow@dima=\skip52
\bigstrutjot=\dimen115
) ("C:\Users\smsb3\AppData\Local\Programs\MiKTeX 2.9\tex/latex/booktabs\booktabs.sty"
Package: booktabs 2005/04/14 v1.61803 publication quality tables
\heavyrulewidth=\dimen116
\lightrulewidth=\dimen117
\cmidrulewidth=\dimen118
\belowrulesep=\dimen119
\belowbottomsep=\dimen120
\aboverulesep=\dimen121
\abovetopsep=\dimen122
\cmidrulesep=\dimen123
\cmidrulekern=\dimen124
\defaultaddspace=\dimen125
\@cmidla=\count100
\@cmidlb=\count101
\@aboverulesep=\dimen126
\@belowrulesep=\dimen127
\@thisruleclass=\count102
\@lastruleclass=\count103
\@thisrulewidth=\dimen128
) ("C:\Users\smsb3\AppData\Local\Programs\MiKTeX 2.9\tex/latex/appendix\appendix.sty"
Package: appendix 2009/09/02 v1.2b extra appendix facilities
\c@@pps=\count104
\c@@ppsavesec=\count105
\c@@ppsaveapp=\count106
) ("C:\Users\smsb3\AppData\Local\Programs\MiKTeX 2.9\tex/latex/hyperref\hyperref.sty"
Package: hyperref 2018/11/30 v6.88e Hypertext links for LaTeX
 ("C:\Users\smsb3\AppData\Local\Programs\MiKTeX 2.9\tex/generic/oberdiek\hobsub-hyperref.sty"
Package: hobsub-hyperref 2016/05/16 v1.14 Bundle oberdiek, subset hyperref (HO)
 ("C:\Users\smsb3\AppData\Local\Programs\MiKTeX 2.9\tex/generic/oberdiek\hobsub-generic.sty"
Package: hobsub-generic 2016/05/16 v1.14 Bundle oberdiek, subset generic (HO)
Package: hobsub 2016/05/16 v1.14 Construct package bundles (HO)
Package: infwarerr 2016/05/16 v1.4 Providing info/warning/error messages (HO)
Package: ltxcmds 2016/05/16 v1.23 LaTeX kernel commands for general use (HO)
Package: ifluatex 2016/05/16 v1.4 Provides the ifluatex switch (HO)
Package ifluatex Info: LuaTeX not detected.
Package: ifvtex 2016/05/16 v1.6 Detect VTeX and its facilities (HO)
Package ifvtex Info: VTeX not detected.
Package: intcalc 2016/05/16 v1.2 Expandable calculations with integers (HO)
Package: ifpdf 2018/09/07 v3.3 Provides the ifpdf switch
Package: etexcmds 2016/05/16 v1.6 Avoid name clashes with e-TeX commands (HO)
Package: kvsetkeys 2016/05/16 v1.17 Key value parser (HO)
Package: kvdefinekeys 2016/05/16 v1.4 Define keys (HO)
Package: pdftexcmds 2018/09/10 v0.29 Utility functions of pdfTeX for LuaTeX (HO)
Package pdftexcmds Info: LuaTeX not detected.
Package pdftexcmds Info: \pdf@primitive is available.
Package pdftexcmds Info: \pdf@ifprimitive is available.
Package pdftexcmds Info: \pdfdraftmode found.
Package: pdfescape 2016/05/16 v1.14 Implements pdfTeX's escape features (HO)
Package: bigintcalc 2016/05/16 v1.4 Expandable calculations on big integers (HO)
Package: bitset 2016/05/16 v1.2 Handle bit-vector datatype (HO)
Package: uniquecounter 2016/05/16 v1.3 Provide unlimited unique counter (HO)
)
Package hobsub Info: Skipping package `hobsub' (already loaded).
Package: letltxmacro 2016/05/16 v1.5 Let assignment for LaTeX macros (HO)
Package: hopatch 2016/05/16 v1.3 Wrapper for package hooks (HO)
Package: xcolor-patch 2016/05/16 xcolor patch
Package: atveryend 2016/05/16 v1.9 Hooks at the very end of document (HO)
Package atveryend Info: \enddocument detected (standard20110627).
Package: atbegshi 2016/06/09 v1.18 At begin shipout hook (HO)
Package: refcount 2016/05/16 v3.5 Data extraction from label references (HO)
Package: hycolor 2016/05/16 v1.8 Color options for hyperref/bookmark (HO)
) ("C:\Users\smsb3\AppData\Local\Programs\MiKTeX 2.9\tex/generic/ifxetex\ifxetex.sty"
Package: ifxetex 2010/09/12 v0.6 Provides ifxetex conditional
) ("C:\Users\smsb3\AppData\Local\Programs\MiKTeX 2.9\tex/latex/oberdiek\auxhook.sty"
Package: auxhook 2016/05/16 v1.4 Hooks for auxiliary files (HO)
) ("C:\Users\smsb3\AppData\Local\Programs\MiKTeX 2.9\tex/latex/oberdiek\kvoptions.sty"
Package: kvoptions 2016/05/16 v3.12 Key value format for package options (HO)
)
\@linkdim=\dimen129
\Hy@linkcounter=\count107
\Hy@pagecounter=\count108
 ("C:\Users\smsb3\AppData\Local\Programs\MiKTeX 2.9\tex/latex/hyperref\pd1enc.def"
File: pd1enc.def 2018/11/30 v6.88e Hyperref: PDFDocEncoding definition (HO)
Now handling font encoding PD1 ...
... no UTF-8 mapping file for font encoding PD1
)
\Hy@SavedSpaceFactor=\count109
 ("C:\Users\smsb3\AppData\Local\Programs\MiKTeX 2.9\tex/latex/00miktex\hyperref.cfg"
File: hyperref.cfg 2002/06/06 v1.2 hyperref configuration of TeXLive
)
Package hyperref Info: Option `colorlinks' set `true' on input line 4393.
Package hyperref Info: Hyper figures OFF on input line 4519.
Package hyperref Info: Link nesting OFF on input line 4524.
Package hyperref Info: Hyper index ON on input line 4527.
Package hyperref Info: Plain pages OFF on input line 4534.
Package hyperref Info: Backreferencing OFF on input line 4539.
Package hyperref Info: Implicit mode ON; LaTeX internals redefined.
Package hyperref Info: Bookmarks ON on input line 4772.
\c@Hy@tempcnt=\count110
 ("C:\Users\smsb3\AppData\Local\Programs\MiKTeX 2.9\tex/latex/url\url.sty"
\Urlmuskip=\muskip10
Package: url 2013/09/16  ver 3.4  Verb mode for urls, etc.
)
LaTeX Info: Redefining \url on input line 5125.
\XeTeXLinkMargin=\dimen130
\Fld@menulength=\count111
\Field@Width=\dimen131
\Fld@charsize=\dimen132
Package hyperref Info: Hyper figures OFF on input line 6380.
Package hyperref Info: Link nesting OFF on input line 6385.
Package hyperref Info: Hyper index ON on input line 6388.
Package hyperref Info: backreferencing OFF on input line 6395.
Package hyperref Info: Link coloring ON on input line 6398.
Package hyperref Info: Link coloring with OCG OFF on input line 6405.
Package hyperref Info: PDF/A mode OFF on input line 6410.
LaTeX Info: Redefining \ref on input line 6450.
LaTeX Info: Redefining \pageref on input line 6454.
\Hy@abspage=\count112
\c@Item=\count113
\c@Hfootnote=\count114
)
Package hyperref Info: Driver (autodetected): hpdftex.
 ("C:\Users\smsb3\AppData\Local\Programs\MiKTeX 2.9\tex/latex/hyperref\hpdftex.def"
File: hpdftex.def 2018/11/30 v6.88e Hyperref driver for pdfTeX
\Fld@listcount=\count115
\c@bookmark@seq@number=\count116
 ("C:\Users\smsb3\AppData\Local\Programs\MiKTeX 2.9\tex/latex/oberdiek\rerunfilecheck.sty"
Package: rerunfilecheck 2016/05/16 v1.8 Rerun checks for auxiliary files (HO)
Package uniquecounter Info: New unique counter `rerunfilecheck' on input line 282.
)
\Hy@SectionHShift=\skip53
) ("C:\Users\smsb3\AppData\Local\Programs\MiKTeX 2.9\tex/latex/acronym\acronym.sty"
Package: acronym 2015/03/21 v1.41 Support for acronyms (Tobias Oetiker)
 ("C:\Users\smsb3\AppData\Local\Programs\MiKTeX 2.9\tex/latex/bigfoot\suffix.sty"
Package: suffix 2006/07/15 1.5a Variant command support
) ("C:\Users\smsb3\AppData\Local\Programs\MiKTeX 2.9\tex/latex/xstring\xstring.sty" ("C:\Users\smsb3\AppData\Local\Programs\MiKTeX 2.9\tex/generic/xstring\xstring.tex"
\integerpart=\count117
\decimalpart=\count118
)
Package: xstring 2019/02/06 v1.83 String manipulations (CT)
)
\AC@clearlist=\toks18
) ("C:\Users\smsb3\AppData\Local\Programs\MiKTeX 2.9\tex/latex/algorithms\algorithmic.sty"
Package: algorithmic 2009/08/24 v0.1 Document Style `algorithmic'
 ("C:\Users\smsb3\AppData\Local\Programs\MiKTeX 2.9\tex/latex/base\ifthen.sty"
Package: ifthen 2014/09/29 v1.1c Standard LaTeX ifthen package (DPC)
)
\c@ALC@unique=\count119
\c@ALC@line=\count120
\c@ALC@rem=\count121
\c@ALC@depth=\count122
\ALC@tlm=\skip54
\algorithmicindent=\skip55
) ("C:\Users\smsb3\AppData\Local\Programs\MiKTeX 2.9\tex/latex/algorithms\algorithm.sty"
Package: algorithm 2009/08/24 v0.1 Document Style `algorithm' - floating environment
\@float@every@algorithm=\toks19
\c@algorithm=\count123
) ("C:\Users\smsb3\AppData\Local\Programs\MiKTeX 2.9\tex/latex/listings\listings.sty"
\lst@mode=\count124
\lst@gtempboxa=\box31
\lst@token=\toks20
\lst@length=\count125
\lst@currlwidth=\dimen133
\lst@column=\count126
\lst@pos=\count127
\lst@lostspace=\dimen134
\lst@width=\dimen135
\lst@newlines=\count128
\lst@lineno=\count129
\lst@maxwidth=\dimen136
 ("C:\Users\smsb3\AppData\Local\Programs\MiKTeX 2.9\tex/latex/listings\lstmisc.sty"
File: lstmisc.sty 2019/02/27 1.8b (Carsten Heinz)
\c@lstnumber=\count130
\lst@skipnumbers=\count131
\lst@framebox=\box32
) ("C:\Users\smsb3\AppData\Local\Programs\MiKTeX 2.9\tex/latex/listings\listings.cfg"
File: listings.cfg 2019/02/27 1.8b listings configuration
))
Package: listings 2019/02/27 1.8b (Carsten Heinz)
 ("C:\Users\smsb3\AppData\Local\Programs\MiKTeX 2.9\tex/latex/SIstyle\sistyle.sty"
Package: sistyle 2008/07/16 v2.3a SI units and numbers (DNJ Els)
 ("C:\Users\smsb3\AppData\Local\Programs\MiKTeX 2.9\tex/latex/amsmath\amstext.sty"
Package: amstext 2000/06/29 v2.01 AMS text
 ("C:\Users\smsb3\AppData\Local\Programs\MiKTeX 2.9\tex/latex/amsmath\amsgen.sty"
File: amsgen.sty 1999/11/30 v2.0 generic functions
\@emptytoks=\toks21
\ex@=\dimen137
))
\ttoks@A=\toks22
\ttoks@B=\toks23
) ("C:\Users\smsb3\AppData\Local\Programs\MiKTeX 2.9\tex/latex/listings\lstlang1.sty"
File: lstlang1.sty 2019/02/27 1.8b listings language file
) (c:/Personal\Bachelor\FinalBach\Thesis\MET\bachelor.aux (c:/Personal\Bachelor\FinalBach\Thesis\MET\GUC_TitlePage.aux) (c:/Personal\Bachelor\FinalBach\Thesis\MET\acknowledgments.aux) (c:/Personal\Bachelor\FinalBach\Thesis\MET\abstract.aux) (c:/Personal\Bachelor\FinalBach\Thesis\MET\introduction.aux) (c:/Personal\Bachelor\FinalBach\Thesis\MET\background.aux) (c:/Personal\Bachelor\FinalBach\Thesis\MET\LitReview.aux) (c:/Personal\Bachelor\FinalBach\Thesis\MET\methodology.aux

LaTeX Warning: Label `chap:Three' multiply defined.


LaTeX Warning: Label `fig:flow' multiply defined.


LaTeX Warning: Label `fig:blur' multiply defined.


LaTeX Warning: Label `fig:censor' multiply defined.

) (c:/Personal\Bachelor\FinalBach\Thesis\MET\results.aux

LaTeX Warning: Label `tab:my-table' multiply defined.

) (c:/Personal\Bachelor\FinalBach\Thesis\MET\conclusion.aux) (c:/Personal\Bachelor\FinalBach\Thesis\MET\appendix.aux))
\openout1 = `bachelor.aux'.

LaTeX Font Info:    Checking defaults for OML/cmm/m/it on input line 84.
LaTeX Font Info:    ... okay on input line 84.
LaTeX Font Info:    Checking defaults for T1/cmr/m/n on input line 84.
LaTeX Font Info:    ... okay on input line 84.
LaTeX Font Info:    Checking defaults for OT1/cmr/m/n on input line 84.
LaTeX Font Info:    ... okay on input line 84.
LaTeX Font Info:    Checking defaults for OMS/cmsy/m/n on input line 84.
LaTeX Font Info:    ... okay on input line 84.
LaTeX Font Info:    Checking defaults for OMX/cmex/m/n on input line 84.
LaTeX Font Info:    ... okay on input line 84.
LaTeX Font Info:    Checking defaults for U/cmr/m/n on input line 84.
LaTeX Font Info:    ... okay on input line 84.
LaTeX Font Info:    Checking defaults for PD1/pdf/m/n on input line 84.
LaTeX Font Info:    ... okay on input line 84.
 ("C:\Users\smsb3\AppData\Local\Programs\MiKTeX 2.9\tex/context/base/mkii\supp-pdf.mkii"
[Loading MPS to PDF converter (version 2006.09.02).]
\scratchcounter=\count132
\scratchdimen=\dimen138
\scratchbox=\box33
\nofMPsegments=\count133
\nofMParguments=\count134
\everyMPshowfont=\toks24
\MPscratchCnt=\count135
\MPscratchDim=\dimen139
\MPnumerator=\count136
\makeMPintoPDFobject=\count137
\everyMPtoPDFconversion=\toks25
) ("C:\Users\smsb3\AppData\Local\Programs\MiKTeX 2.9\tex/latex/oberdiek\epstopdf-base.sty"
Package: epstopdf-base 2016/05/15 v2.6 Base part for package epstopdf
 ("C:\Users\smsb3\AppData\Local\Programs\MiKTeX 2.9\tex/latex/oberdiek\grfext.sty"
Package: grfext 2016/05/16 v1.2 Manage graphics extensions (HO)
)
Package epstopdf-base Info: Redefining graphics rule for `.eps' on input line 438.
Package grfext Info: Graphics extension search list:
(grfext)             [.pdf,.png,.jpg,.mps,.jpeg,.jbig2,.jb2,.PDF,.PNG,.JPG,.JPEG,.JBIG2,.JB2,.eps]
(grfext)             \AppendGraphicsExtensions on input line 456.
)
Package caption Info: Begin \AtBeginDocument code.
Package caption Info: subfig package v1.3 is loaded.
Package caption Info: hyperref package is loaded.
Package caption Info: listings package is loaded.
Package caption Info: End \AtBeginDocument code.
\AtBeginShipoutBox=\box34
 ("C:\Users\smsb3\AppData\Local\Programs\MiKTeX 2.9\tex/latex/graphics\color.sty"
Package: color 2016/07/10 v1.1e Standard LaTeX Color (DPC)
 ("C:\Users\smsb3\AppData\Local\Programs\MiKTeX 2.9\tex/latex/graphics-cfg\color.cfg"
File: color.cfg 2016/01/02 v1.6 sample color configuration
)
Package color Info: Driver file: pdftex.def on input line 147.
)
Package hyperref Info: Link coloring ON on input line 84.
 ("C:\Users\smsb3\AppData\Local\Programs\MiKTeX 2.9\tex/latex/hyperref\nameref.sty"
Package: nameref 2016/05/21 v2.44 Cross-referencing by name of section
 ("C:\Users\smsb3\AppData\Local\Programs\MiKTeX 2.9\tex/generic/oberdiek\gettitlestring.sty"
Package: gettitlestring 2016/05/16 v1.5 Cleanup title references (HO)
)
\c@section@level=\count138
)
LaTeX Info: Redefining \ref on input line 84.
LaTeX Info: Redefining \pageref on input line 84.
LaTeX Info: Redefining \nameref on input line 84.
 (c:/Personal\Bachelor\FinalBach\Thesis\MET\bachelor.out) (c:/Personal\Bachelor\FinalBach\Thesis\MET\bachelor.out)
\@outlinefile=\write3
\openout3 = `bachelor.out'.

\c@lstlisting=\count139
LaTeX Font Info:    External font `cmex10' loaded for size
(Font)              <12> on input line 84.
LaTeX Font Info:    External font `cmex10' loaded for size
(Font)              <8> on input line 84.
LaTeX Font Info:    External font `cmex10' loaded for size
(Font)              <6> on input line 84.
\openout2 = `GUC_TitlePage.aux'.

 (c:/Personal\Bachelor\FinalBach\Thesis\MET\GUC_TitlePage.tex
<gucLogo.jpg, id=139, 488.82625pt x 160.6pt>
File: gucLogo.jpg Graphic file (type jpg)
<use gucLogo.jpg>
Package pdftex.def Info: gucLogo.jpg  used on input line 34.
(pdftex.def)             Requested size: 199.16928pt x 65.43472pt.
 [1


{C:/Users/smsb3/AppData/Local/MiKTeX/2.9/pdftex/config/pdftex.map} <c:/Personal/Bachelor/FinalBach/Thesis/MET/gucLogo.jpg>] [2

]
File: gucLogo.jpg Graphic file (type jpg)
<use gucLogo.jpg>
Package pdftex.def Info: gucLogo.jpg  used on input line 36.
(pdftex.def)             Requested size: 199.16928pt x 65.43472pt.
 [3

] [4

])
\openout2 = `acknowledgments.aux'.

 (c:/Personal\Bachelor\FinalBach\Thesis\MET\acknowledgments.tex) [5




]
\openout2 = `abstract.aux'.

 (c:/Personal\Bachelor\FinalBach\Thesis\MET\abstract.tex [6



]) [7] [8


] (c:/Personal\Bachelor\FinalBach\Thesis\MET\bachelor.toc [9])
\tf@toc=\write4
\openout4 = `bachelor.toc'.

 [10] (c:/Personal\Bachelor\FinalBach\Thesis\MET\bachelor.lof)
\tf@lof=\write5
\openout5 = `bachelor.lof'.

 [11

]
\openout2 = `introduction.aux'.

 (c:/Personal\Bachelor\FinalBach\Thesis\MET\introduction.tex
Chapter 1.
) [1



]
\openout2 = `background.aux'.

 (c:/Personal\Bachelor\FinalBach\Thesis\MET\background.tex [2



]
Chapter 2.
[3]
<Capture.png, id=280, 431.36156pt x 305.64188pt>
File: Capture.png Graphic file (type png)
<use Capture.png>
Package pdftex.def Info: Capture.png  used on input line 22.
(pdftex.def)             Requested size: 323.52037pt x 229.23083pt.
 [4 <c:/Personal/Bachelor/FinalBach/Thesis/MET/Capture.png>]
Overfull \hbox (4.83302pt too wide) in paragraph at lines 40--41
\OT1/cmr/m/n/12 SEAL is a li-brary that is built by Mi-crosoft's Cryp-tog-ra-phy team at Mi-crosoft Research[[]].
 []

[5]) [6]
\openout2 = `LitReview.aux'.

 (c:/Personal\Bachelor\FinalBach\Thesis\MET\LitReview.tex
Chapter 3.

Overfull \hbox (21.85773pt too wide) in paragraph at lines 4--8
\OT1/cmr/m/n/12 proach of us-ing ho-mo-mor-phic en-cryp-tion was only used and pub-lished in 1 implementation[[]],
 []

[7



]) [8]
\openout2 = `methodology.aux'.

 (c:/Personal\Bachelor\FinalBach\Thesis\MET\methodology.tex
Chapter 4.
<Non.png, id=328, 856.19875pt x 673.51625pt>
File: Non.png Graphic file (type png)
<use Non.png>
Package pdftex.def Info: Non.png  used on input line 15.
(pdftex.def)             Requested size: 342.47343pt x 269.40172pt.
<Encrypt.png, id=329, 644.4075pt x 505.13719pt>
File: Encrypt.png Graphic file (type png)
<use Encrypt.png>
Package pdftex.def Info: Encrypt.png  used on input line 21.
(pdftex.def)             Requested size: 354.42522pt x 277.82631pt.

Underfull \vbox (badness 4699) has occurred while \output is active []

 [9



] [10 <c:/Personal/Bachelor/FinalBach/Thesis/MET/Non.png> <c:/Personal/Bachelor/FinalBach/Thesis/MET/Encrypt.png>]
<FlowUpdate.png, id=340, 613.29124pt x 532.99126pt>
File: FlowUpdate.png Graphic file (type png)
<use FlowUpdate.png>
Package pdftex.def Info: FlowUpdate.png  used on input line 36.
(pdftex.def)             Requested size: 337.31122pt x 293.1461pt.
<Timeline.png, id=341, 539.01375pt x 805.0075pt>
File: Timeline.png Graphic file (type png)
<use Timeline.png>
Package pdftex.def Info: Timeline.png  used on input line 43.
(pdftex.def)             Requested size: 134.7531pt x 201.25139pt.
 [11 <c:/Personal/Bachelor/FinalBach/Thesis/MET/FlowUpdate.png>]
<Login.png, id=347, 301.125pt x 607.51968pt>
File: Login.png Graphic file (type png)
<use Login.png>
Package pdftex.def Info: Login.png  used on input line 63.
(pdftex.def)             Requested size: 124.56685pt x 251.31874pt.
<Register.png, id=348, 301.125pt x 607.51968pt>
File: Register.png Graphic file (type png)
<use Register.png>
Package pdftex.def Info: Register.png  used on input line 69.
(pdftex.def)             Requested size: 124.56685pt x 251.31874pt.

Overfull \hbox (45.29953pt too wide) in paragraph at lines 61--73
 []$[]$$[]$ 
 []


Underfull \hbox (badness 10000) in paragraph at lines 47--74

 []


Underfull \hbox (badness 10000) in paragraph at lines 47--74

 []


Underfull \hbox (badness 10000) in paragraph at lines 47--74

 []


Underfull \hbox (badness 10000) in paragraph at lines 47--74

 []


Underfull \hbox (badness 10000) in paragraph at lines 47--74

 []

[12 <c:/Personal/Bachelor/FinalBach/Thesis/MET/Timeline.png>] [13 <c:/Personal/Bachelor/FinalBach/Thesis/MET/Login.png> <c:/Personal/Bachelor/FinalBach/Thesis/MET/Register.png>] [14]
<Blur.png, id=366, 301.125pt x 607.51968pt>
File: Blur.png Graphic file (type png)
<use Blur.png>
Package pdftex.def Info: Blur.png  used on input line 103.
(pdftex.def)             Requested size: 135.89174pt x 274.16927pt.
<Censor.png, id=367, 301.125pt x 607.51968pt>
File: Censor.png Graphic file (type png)
<use Censor.png>
Package pdftex.def Info: Censor.png  used on input line 109.
(pdftex.def)             Requested size: 135.89174pt x 274.16927pt.
 [15 <c:/Personal/Bachelor/FinalBach/Thesis/MET/Blur.png> <c:/Personal/Bachelor/FinalBach/Thesis/MET/Censor.png>]

LaTeX Font Warning: Command \small invalid in math mode on input line 133.

LaTeX Font Info:    External font `cmex10' loaded for size
(Font)              <10.95> on input line 135.

Overfull \hbox (49.28433pt too wide) detected at line 135
[]\OML/cmm/m/it/10.95 F \OT1/cmr/m/n/10.95 = 0\OML/cmm/m/it/10.95 :\OT1/cmr/m/n/10.95 15(\OML/cmm/m/it/10.95 CommonTutorial\OT1/cmr/m/n/10.95 ) + 0\OML/cmm/m/it/10.95 :\OT1/cmr/m/n/10.95 3(\OML/cmm/m/it/10.95 MutualIntrests=\OT1/cmr/m/n/10.95 3) + 0\OML/cmm/m/it/10.95 :\OT1/cmr/m/n/10.95 50(\OML/cmm/m/it/10.95 MutualEvents=\OT1/cmr/m/n/10.95 15)[] + 0\OML/cmm/m/it/10.95 :\OT1/cmr/m/n/10.95 5(\OML/cmm/m/it/10.95 CommonFavLoc\OT1/cmr/m/n/10.95 )[]
 []

LaTeX Font Info:    Calculating math sizes for size <> on input line 135.

LaTeX Font Warning: Font shape `OT1/cmr/m/n' in size <> not available
(Font)              size <5> substituted on input line 135.


LaTeX Font Warning: Font shape `OT1/cmr/m/n' in size <0.7> not available
(Font)              size <5> substituted on input line 135.


LaTeX Font Warning: Font shape `OT1/cmr/m/n' in size <0.5> not available
(Font)              size <5> substituted on input line 135.


LaTeX Font Warning: Font shape `OML/cmm/m/it' in size <> not available
(Font)              size <5> substituted on input line 135.


LaTeX Font Warning: Font shape `OML/cmm/m/it' in size <0.7> not available
(Font)              size <5> substituted on input line 135.


LaTeX Font Warning: Font shape `OML/cmm/m/it' in size <0.5> not available
(Font)              size <5> substituted on input line 135.


LaTeX Font Warning: Font shape `OMS/cmsy/m/n' in size <> not available
(Font)              size <5> substituted on input line 135.


LaTeX Font Warning: Font shape `OMS/cmsy/m/n' in size <0.7> not available
(Font)              size <5> substituted on input line 135.


LaTeX Font Warning: Font shape `OMS/cmsy/m/n' in size <0.5> not available
(Font)              size <5> substituted on input line 135.

LaTeX Font Info:    External font `cmex10' loaded for size
(Font)              <> on input line 135.
LaTeX Font Info:    External font `cmex10' loaded for size
(Font)              <0.7> on input line 135.
LaTeX Font Info:    External font `cmex10' loaded for size
(Font)              <0.5> on input line 135.

LaTeX Font Warning: Font shape `OT1/cmss/m/n' in size <> not available
(Font)              size <5> substituted on input line 135.


LaTeX Font Warning: Font shape `OT1/cmss/m/n' in size <0.7> not available
(Font)              size <5> substituted on input line 135.


LaTeX Font Warning: Font shape `OT1/cmss/m/n' in size <0.5> not available
(Font)              size <5> substituted on input line 135.


LaTeX Font Warning: Font shape `OT1/cmtt/m/n' in size <> not available
(Font)              size <5> substituted on input line 135.


LaTeX Font Warning: Font shape `OT1/cmtt/m/n' in size <0.7> not available
(Font)              size <5> substituted on input line 135.


LaTeX Font Warning: Font shape `OT1/cmtt/m/n' in size <0.5> not available
(Font)              size <5> substituted on input line 135.


Underfull \hbox (badness 10000) in paragraph at lines 135--147

 []


Underfull \hbox (badness 10000) in paragraph at lines 135--147

 []


Underfull \hbox (badness 10000) in paragraph at lines 135--147

 []


Underfull \hbox (badness 10000) in paragraph at lines 135--147

 []


Underfull \hbox (badness 10000) in paragraph at lines 135--147

 []


Underfull \hbox (badness 10000) in paragraph at lines 135--147

 []

[16]) [17]
\openout2 = `results.aux'.

 (c:/Personal\Bachelor\FinalBach\Thesis\MET\results.tex [18



]
Chapter 5.
<model.png, id=402, 318.18875pt x 393.47pt>
File: model.png Graphic file (type png)
<use model.png>
Package pdftex.def Info: model.png  used on input line 24.
(pdftex.def)             Requested size: 206.82022pt x 255.75246pt.
[19]
<model3.png, id=408, 336.25626pt x 393.47pt>
File: model3.png Graphic file (type png)
<use model3.png>
Package pdftex.def Info: model3.png  used on input line 35.
(pdftex.def)             Requested size: 218.56396pt x 255.75246pt.
 [20 <c:/Personal/Bachelor/FinalBach/Thesis/MET/model.png>]
<Gender.png, id=415, 602.25pt x 372.39125pt>
File: Gender.png Graphic file (type png)
<use Gender.png>
Package pdftex.def Info: Gender.png  used on input line 56.
(pdftex.def)             Requested size: 331.23851pt x 204.81581pt.
 [21 <c:/Personal/Bachelor/FinalBach/Thesis/MET/model3.png>]
<PrivacyChart.png, id=422, 602.25pt x 372.39125pt>
File: PrivacyChart.png Graphic file (type png)
<use PrivacyChart.png>
Package pdftex.def Info: PrivacyChart.png  used on input line 67.
(pdftex.def)             Requested size: 331.23851pt x 204.81581pt.

Underfull \hbox (badness 10000) in paragraph at lines 61--70

 []


Underfull \hbox (badness 10000) in paragraph at lines 61--70

 []


Underfull \vbox (badness 10000) has occurred while \output is active []

 [22 <c:/Personal/Bachelor/FinalBach/Thesis/MET/Gender.png>]
<Data-points.png, id=428, 602.25pt x 372.39125pt>
File: Data-points.png Graphic file (type png)
<use Data-points.png>
Package pdftex.def Info: Data-points.png  used on input line 75.
(pdftex.def)             Requested size: 331.23851pt x 204.81581pt.

Underfull \hbox (badness 10000) in paragraph at lines 80--103

 []


Underfull \hbox (badness 10000) in paragraph at lines 80--103

 []


Underfull \hbox (badness 10000) in paragraph at lines 80--103

 []

[23 <c:/Personal/Bachelor/FinalBach/Thesis/MET/PrivacyChart.png> <c:/Personal/Bachelor/FinalBach/Thesis/MET/Data-points.png>]

LaTeX Warning: `!h' float specifier changed to `!ht'.

[24]
<FriendMod.png, id=442, 462.528pt x 346.896pt>
File: FriendMod.png Graphic file (type png)
<use FriendMod.png>
Package pdftex.def Info: FriendMod.png  used on input line 133.
(pdftex.def)             Requested size: 462.52686pt x 346.89514pt.

Overfull \hbox (9.55896pt too wide) in paragraph at lines 133--134
 [][] 
 []


Underfull \vbox (badness 2744) has occurred while \output is active []

 [25]
<Verification.png, id=448, 930.47626pt x 688.07062pt>
File: Verification.png Graphic file (type png)
<use Verification.png>
Package pdftex.def Info: Verification.png  used on input line 143.
(pdftex.def)             Requested size: 511.76352pt x 378.44pt.

Overfull \hbox (58.79562pt too wide) in paragraph at lines 143--144
 [][] 
 []


Underfull \vbox (badness 10000) has occurred while \output is active []

 [26 <c:/Personal/Bachelor/FinalBach/Thesis/MET/FriendMod.png>]) [27 <c:/Personal/Bachelor/FinalBach/Thesis/MET/Verification.png>]
\openout2 = `conclusion.aux'.

 (c:/Personal\Bachelor\FinalBach\Thesis\MET\conclusion.tex [28



]
Chapter 6.
) [29]
\openout2 = `appendix.aux'.

 (c:/Personal\Bachelor\FinalBach\Thesis\MET\appendix.tex [30



]
Appendix A.

Overfull \hbox (6.45612pt too wide) in paragraph at lines 11--12
[][][][][][][][][][][][][][][][][][][][][][][][][] 
 []

[31

]) (c:/Personal\Bachelor\FinalBach\Thesis\MET\bachelor.bbl [32



]
Underfull \hbox (badness 1412) in paragraph at lines 126--129
[]\OT1/cmr/m/n/12 Manolis Ter-rovi-tis, Nikos Mamoulis, and Panos Kal-nis.  Privacy-preserving
 []

)
Package atveryend Info: Empty hook `BeforeClearDocument' on input line 131.
 [33]
Package atveryend Info: Empty hook `AfterLastShipout' on input line 131.
 (c:/Personal\Bachelor\FinalBach\Thesis\MET\bachelor.aux (c:/Personal\Bachelor\FinalBach\Thesis\MET\GUC_TitlePage.aux) (c:/Personal\Bachelor\FinalBach\Thesis\MET\acknowledgments.aux) (c:/Personal\Bachelor\FinalBach\Thesis\MET\abstract.aux) (c:/Personal\Bachelor\FinalBach\Thesis\MET\introduction.aux) (c:/Personal\Bachelor\FinalBach\Thesis\MET\background.aux) (c:/Personal\Bachelor\FinalBach\Thesis\MET\LitReview.aux) (c:/Personal\Bachelor\FinalBach\Thesis\MET\methodology.aux) (c:/Personal\Bachelor\FinalBach\Thesis\MET\results.aux) (c:/Personal\Bachelor\FinalBach\Thesis\MET\conclusion.aux) (c:/Personal\Bachelor\FinalBach\Thesis\MET\appendix.aux))
Package atveryend Info: Executing hook `AtVeryEndDocument' on input line 131.
Package atveryend Info: Executing hook `AtEndAfterFileList' on input line 131.
Package rerunfilecheck Info: File `bachelor.out' has not changed.
(rerunfilecheck)             Checksum: 62868812E72DFBE56EE36A6D33EDDD89;2333.


LaTeX Font Warning: Size substitutions with differences
(Font)              up to 4.5pt have occurred.


LaTeX Warning: There were multiply-defined labels.

Package atveryend Info: Empty hook `AtVeryVeryEnd' on input line 131.
 ) 
Here is how much of TeX's memory you used:
 10027 strings out of 492945
 151538 string characters out of 3126252
 429889 words of memory out of 3000000
 13590 multiletter control sequences out of 15000+200000
 12944 words of font info for 47 fonts, out of 3000000 for 9000
 1141 hyphenation exceptions out of 8191
 44i,15n,44p,796b,1596s stack positions out of 5000i,500n,10000p,200000b,50000s
<C:/Users/smsb3/AppData/Local/Programs/MiKTeX 2.9/fonts/type1/public/amsfonts/cm/cmbx10.pfb><C:/Users/smsb3/AppData/Local/Programs/MiKTeX 2.9/fonts/type1/public/amsfonts/cm/cmbx12.pfb><C:/Users/smsb3/AppData/Local/Programs/MiKTeX 2.9/fonts/type1/public/amsfonts/cm/cmitt10.pfb><C:/Users/smsb3/AppData/Local/Programs/MiKTeX 2.9/fonts/type1/public/amsfonts/cm/cmmi10.pfb><C:/Users/smsb3/AppData/Local/Programs/MiKTeX 2.9/fonts/type1/public/amsfonts/cm/cmmi12.pfb><C:/Users/smsb3/AppData/Local/Programs/MiKTeX 2.9/fonts/type1/public/amsfonts/cm/cmr10.pfb><C:/Users/smsb3/AppData/Local/Programs/MiKTeX 2.9/fonts/type1/public/amsfonts/cm/cmr12.pfb><C:/Users/smsb3/AppData/Local/Programs/MiKTeX 2.9/fonts/type1/public/amsfonts/cm/cmr8.pfb><C:/Users/smsb3/AppData/Local/Programs/MiKTeX 2.9/fonts/type1/public/amsfonts/cm/cmsl12.pfb><C:/Users/smsb3/AppData/Local/Programs/MiKTeX 2.9/fonts/type1/public/amsfonts/cm/cmti12.pfb><C:/Users/smsb3/AppData/Local/Programs/MiKTeX 2.9/fonts/type1/public/amsfonts/cm/cmtt12.pfb>
Output written on c:/Personal\Bachelor\FinalBach\Thesis\MET\bachelor.pdf (44 pages, 1063472 bytes).
PDF statistics:
 569 PDF objects out of 1000 (max. 8388607)
 130 named destinations out of 1000 (max. 500000)
 358 words of extra memory for PDF output out of 10000 (max. 10000000)

